0 info it worked if it ends with ok
1 verbose cli [ '/usr/local/bin/node', '/usr/local/bin/npm', 'start' ]
2 info using npm@3.3.6
3 info using node@v5.0.0
4 verbose run-script [ 'prestart', 'start', 'poststart' ]
5 info lifecycle tutorial@1.0.0~prestart: tutorial@1.0.0
6 silly lifecycle tutorial@1.0.0~prestart: no script for prestart, continuing
7 info lifecycle tutorial@1.0.0~start: tutorial@1.0.0
8 verbose lifecycle tutorial@1.0.0~start: unsafe-perm in lifecycle true
9 verbose lifecycle tutorial@1.0.0~start: PATH: /usr/local/lib/node_modules/npm/bin/node-gyp-bin:/Users/rnjailamba/Desktop/NodeFolder/react-router-tutorial/lessons/02-rendering-a-route/node_modules/.bin:/Users/rnjailamba/.rbenv/bin:/Users/rnjailamba/.rbenv/shims:/Users/rnjailamba/.rbenv/bin:/usr/local/bin:/usr/bin:/bin:/usr/sbin:/sbin:/usr/local/git/bin:/opt/ImageMagick/bin:/usr/local/bin:/usr/local/apache-maven-3.3.1/bin:/usr/local/composer/bin/:/usr/local/composer/bin/:/Users/rnjailamba/pear/bin:/usr/local/bin/scrapy/:/usr/local/Cellar/zookeeper/3.4.7/bin:/usr/local/Cellar/kafka/0.8.2.2/libexec:/Users/rnjailamba/.node/bin:/Users/rnjailamba/npm/bin/
10 verbose lifecycle tutorial@1.0.0~start: CWD: /Users/rnjailamba/Desktop/NodeFolder/react-router-tutorial/lessons/02-rendering-a-route
11 silly lifecycle tutorial@1.0.0~start: Args: [ '-c', 'webpack-dev-server --inline --content-base .' ]
12 info lifecycle tutorial@1.0.0~start: Failed to exec start script
13 verbose stack Error: tutorial@1.0.0 start: `webpack-dev-server --inline --content-base .`
13 verbose stack spawn ENOENT
13 verbose stack     at ChildProcess.<anonymous> (/usr/local/lib/node_modules/npm/lib/utils/spawn.js:17:16)
13 verbose stack     at emitTwo (events.js:87:13)
13 verbose stack     at ChildProcess.emit (events.js:172:7)
13 verbose stack     at maybeClose (internal/child_process.js:818:16)
13 verbose stack     at Process.ChildProcess._handle.onexit (internal/child_process.js:211:5)
14 verbose pkgid tutorial@1.0.0
15 verbose cwd /Users/rnjailamba/Desktop/NodeFolder/react-router-tutorial/lessons/02-rendering-a-route
16 error Darwin 15.3.0
17 error argv "/usr/local/bin/node" "/usr/local/bin/npm" "start"
18 error node v5.0.0
19 error npm  v3.3.6
20 error file sh
21 error code ELIFECYCLE
22 error errno ENOENT
23 error syscall spawn
24 error tutorial@1.0.0 start: `webpack-dev-server --inline --content-base .`
24 error spawn ENOENT
25 error Failed at the tutorial@1.0.0 start script 'webpack-dev-server --inline --content-base .'.
25 error This is most likely a problem with the tutorial package,
25 error not with npm itself.
25 error Tell the author that this fails on your system:
25 error     webpack-dev-server --inline --content-base .
25 error You can get their info via:
25 error     npm owner ls tutorial
25 error There is likely additional logging output above.
26 verbose exit [ 1, true ]
